/root/pnptv-webapp/backend/src/modules/hangouts/agoraToken.service.ts:1
import { RtcTokenBuilder, RtcRole } from 'agora-access-token';
                          ^

SyntaxError: The requested module 'agora-access-token' does not provide an export named 'RtcRole'
    at ModuleJob._instantiate (node:internal/modules/esm/module_job:213:21)
    at async ModuleJob.run (node:internal/modules/esm/module_job:320:5)
    at async ModuleLoader.import (node:internal/modules/esm/loader:606:24)
    at async asyncRunEntryPointWithESMLoader (node:internal/modules/run_main:117:5)

Node.js v20.20.0
/root/pnptv-webapp/backend/src/modules/hangouts/agoraToken.service.ts:1
import { RtcTokenBuilder, RtcRole } from 'agora-access-token';
                          ^

SyntaxError: The requested module 'agora-access-token' does not provide an export named 'RtcRole'
    at ModuleJob._instantiate (node:internal/modules/esm/module_job:213:21)
    at async ModuleJob.run (node:internal/modules/esm/module_job:320:5)
    at async ModuleLoader.import (node:internal/modules/esm/loader:606:24)
    at async asyncRunEntryPointWithESMLoader (node:internal/modules/run_main:117:5)

Node.js v20.20.0
/root/pnptv-webapp/backend/src/modules/hangouts/agoraToken.service.ts:1
import { RtcTokenBuilder, RtcRole } from 'agora-access-token';
                          ^

SyntaxError: The requested module 'agora-access-token' does not provide an export named 'RtcRole'
    at ModuleJob._instantiate (node:internal/modules/esm/module_job:213:21)
    at async ModuleJob.run (node:internal/modules/esm/module_job:320:5)
    at async ModuleLoader.import (node:internal/modules/esm/loader:606:24)
    at async asyncRunEntryPointWithESMLoader (node:internal/modules/run_main:117:5)

Node.js v20.20.0
/root/pnptv-webapp/backend/src/modules/hangouts/agoraToken.service.ts:1
import { RtcTokenBuilder, RtcRole } from 'agora-access-token';
                          ^

SyntaxError: The requested module 'agora-access-token' does not provide an export named 'RtcRole'
    at ModuleJob._instantiate (node:internal/modules/esm/module_job:213:21)
    at async ModuleJob.run (node:internal/modules/esm/module_job:320:5)
    at async ModuleLoader.import (node:internal/modules/esm/loader:606:24)
    at async asyncRunEntryPointWithESMLoader (node:internal/modules/run_main:117:5)

Node.js v20.20.0
/root/pnptv-webapp/backend/src/modules/hangouts/agoraToken.service.ts:1
import { RtcTokenBuilder, RtcRole } from 'agora-access-token';
                          ^

SyntaxError: The requested module 'agora-access-token' does not provide an export named 'RtcRole'
    at ModuleJob._instantiate (node:internal/modules/esm/module_job:213:21)
    at async ModuleJob.run (node:internal/modules/esm/module_job:320:5)
    at async ModuleLoader.import (node:internal/modules/esm/loader:606:24)
    at async asyncRunEntryPointWithESMLoader (node:internal/modules/run_main:117:5)

Node.js v20.20.0
/root/pnptv-webapp/backend/src/modules/hangouts/agoraToken.service.ts:1
import { RtcTokenBuilder, RtcRole } from 'agora-access-token';
                          ^

SyntaxError: The requested module 'agora-access-token' does not provide an export named 'RtcRole'
    at ModuleJob._instantiate (node:internal/modules/esm/module_job:213:21)
    at async ModuleJob.run (node:internal/modules/esm/module_job:320:5)
    at async ModuleLoader.import (node:internal/modules/esm/loader:606:24)
    at async asyncRunEntryPointWithESMLoader (node:internal/modules/run_main:117:5)

Node.js v20.20.0
/root/pnptv-webapp/backend/src/modules/hangouts/agoraToken.service.ts:1
import { RtcTokenBuilder, RtcRole } from 'agora-access-token';
                          ^

SyntaxError: The requested module 'agora-access-token' does not provide an export named 'RtcRole'
    at ModuleJob._instantiate (node:internal/modules/esm/module_job:213:21)
    at async ModuleJob.run (node:internal/modules/esm/module_job:320:5)
    at async ModuleLoader.import (node:internal/modules/esm/loader:606:24)
    at async asyncRunEntryPointWithESMLoader (node:internal/modules/run_main:117:5)

Node.js v20.20.0
/root/pnptv-webapp/backend/src/modules/hangouts/agoraToken.service.ts:1
import { RtcTokenBuilder, RtcRole } from 'agora-access-token';
                          ^

SyntaxError: The requested module 'agora-access-token' does not provide an export named 'RtcRole'
    at ModuleJob._instantiate (node:internal/modules/esm/module_job:213:21)
    at async ModuleJob.run (node:internal/modules/esm/module_job:320:5)
    at async ModuleLoader.import (node:internal/modules/esm/loader:606:24)
    at async asyncRunEntryPointWithESMLoader (node:internal/modules/run_main:117:5)

Node.js v20.20.0
/root/pnptv-webapp/backend/src/modules/hangouts/agoraToken.service.ts:1
import { RtcTokenBuilder, RtcRole } from 'agora-access-token';
                          ^

SyntaxError: The requested module 'agora-access-token' does not provide an export named 'RtcRole'
    at ModuleJob._instantiate (node:internal/modules/esm/module_job:213:21)
    at async ModuleJob.run (node:internal/modules/esm/module_job:320:5)
    at async ModuleLoader.import (node:internal/modules/esm/loader:606:24)
    at async asyncRunEntryPointWithESMLoader (node:internal/modules/run_main:117:5)

Node.js v20.20.0
/root/pnptv-webapp/backend/src/modules/hangouts/agoraToken.service.ts:1
import { RtcTokenBuilder, RtcRole } from 'agora-access-token';
                          ^

SyntaxError: The requested module 'agora-access-token' does not provide an export named 'RtcRole'
    at ModuleJob._instantiate (node:internal/modules/esm/module_job:213:21)
    at async ModuleJob.run (node:internal/modules/esm/module_job:320:5)
    at async ModuleLoader.import (node:internal/modules/esm/loader:606:24)
    at async asyncRunEntryPointWithESMLoader (node:internal/modules/run_main:117:5)

Node.js v20.20.0
/root/pnptv-webapp/backend/src/modules/hangouts/agoraToken.service.ts:1
import { RtcTokenBuilder, RtcRole } from 'agora-access-token';
                          ^

SyntaxError: The requested module 'agora-access-token' does not provide an export named 'RtcRole'
    at ModuleJob._instantiate (node:internal/modules/esm/module_job:213:21)
    at async ModuleJob.run (node:internal/modules/esm/module_job:320:5)
    at async ModuleLoader.import (node:internal/modules/esm/loader:606:24)
    at async asyncRunEntryPointWithESMLoader (node:internal/modules/run_main:117:5)

Node.js v20.20.0
/root/pnptv-webapp/backend/src/modules/hangouts/agoraToken.service.ts:1
import { RtcTokenBuilder, RtcRole } from 'agora-access-token';
                          ^

SyntaxError: The requested module 'agora-access-token' does not provide an export named 'RtcRole'
    at ModuleJob._instantiate (node:internal/modules/esm/module_job:213:21)
    at async ModuleJob.run (node:internal/modules/esm/module_job:320:5)
    at async ModuleLoader.import (node:internal/modules/esm/loader:606:24)
    at async asyncRunEntryPointWithESMLoader (node:internal/modules/run_main:117:5)

Node.js v20.20.0
/root/pnptv-webapp/backend/src/modules/hangouts/agoraToken.service.ts:1
import { RtcTokenBuilder, RtcRole } from 'agora-access-token';
                          ^

SyntaxError: The requested module 'agora-access-token' does not provide an export named 'RtcRole'
    at ModuleJob._instantiate (node:internal/modules/esm/module_job:213:21)
    at async ModuleJob.run (node:internal/modules/esm/module_job:320:5)
    at async ModuleLoader.import (node:internal/modules/esm/loader:606:24)
    at async asyncRunEntryPointWithESMLoader (node:internal/modules/run_main:117:5)

Node.js v20.20.0
/root/pnptv-webapp/backend/src/modules/hangouts/agoraToken.service.ts:1
import { RtcTokenBuilder, RtcRole } from 'agora-access-token';
                          ^

SyntaxError: The requested module 'agora-access-token' does not provide an export named 'RtcRole'
    at ModuleJob._instantiate (node:internal/modules/esm/module_job:213:21)
    at async ModuleJob.run (node:internal/modules/esm/module_job:320:5)
    at async ModuleLoader.import (node:internal/modules/esm/loader:606:24)
    at async asyncRunEntryPointWithESMLoader (node:internal/modules/run_main:117:5)

Node.js v20.20.0
/root/pnptv-webapp/backend/src/modules/hangouts/agoraToken.service.ts:1
import { RtcTokenBuilder, RtcRole } from 'agora-access-token';
                          ^

SyntaxError: The requested module 'agora-access-token' does not provide an export named 'RtcRole'
    at ModuleJob._instantiate (node:internal/modules/esm/module_job:213:21)
    at async ModuleJob.run (node:internal/modules/esm/module_job:320:5)
    at async ModuleLoader.import (node:internal/modules/esm/loader:606:24)
    at async asyncRunEntryPointWithESMLoader (node:internal/modules/run_main:117:5)

Node.js v20.20.0
/root/pnptv-webapp/backend/src/modules/hangouts/agoraToken.service.ts:1
import { RtcTokenBuilder, RtcRole } from 'agora-access-token';
                          ^

SyntaxError: The requested module 'agora-access-token' does not provide an export named 'RtcRole'
    at ModuleJob._instantiate (node:internal/modules/esm/module_job:213:21)
    at async ModuleJob.run (node:internal/modules/esm/module_job:320:5)
    at async ModuleLoader.import (node:internal/modules/esm/loader:606:24)
    at async asyncRunEntryPointWithESMLoader (node:internal/modules/run_main:117:5)

Node.js v20.20.0
/root/pnptv-webapp/backend/src/modules/hangouts/agoraToken.service.ts:1
import { RtcTokenBuilder, RtcRole } from 'agora-access-token';
                          ^

SyntaxError: The requested module 'agora-access-token' does not provide an export named 'RtcRole'
    at ModuleJob._instantiate (node:internal/modules/esm/module_job:213:21)
    at async ModuleJob.run (node:internal/modules/esm/module_job:320:5)
    at async ModuleLoader.import (node:internal/modules/esm/loader:606:24)
    at async asyncRunEntryPointWithESMLoader (node:internal/modules/run_main:117:5)

Node.js v20.20.0
/root/pnptv-webapp/backend/src/modules/hangouts/agoraToken.service.ts:1
import { RtcTokenBuilder, RtcRole } from 'agora-access-token';
                          ^

SyntaxError: The requested module 'agora-access-token' does not provide an export named 'RtcRole'
    at ModuleJob._instantiate (node:internal/modules/esm/module_job:213:21)
    at async ModuleJob.run (node:internal/modules/esm/module_job:320:5)
    at async ModuleLoader.import (node:internal/modules/esm/loader:606:24)
    at async asyncRunEntryPointWithESMLoader (node:internal/modules/run_main:117:5)

Node.js v20.20.0
/root/pnptv-webapp/backend/src/modules/hangouts/agoraToken.service.ts:1
import { RtcTokenBuilder, RtcRole } from 'agora-access-token';
                          ^

SyntaxError: The requested module 'agora-access-token' does not provide an export named 'RtcRole'
    at ModuleJob._instantiate (node:internal/modules/esm/module_job:213:21)
    at async ModuleJob.run (node:internal/modules/esm/module_job:320:5)
    at async ModuleLoader.import (node:internal/modules/esm/loader:606:24)
    at async asyncRunEntryPointWithESMLoader (node:internal/modules/run_main:117:5)

Node.js v20.20.0
/root/pnptv-webapp/backend/src/modules/hangouts/agoraToken.service.ts:1
import { RtcTokenBuilder, RtcRole } from 'agora-access-token';
                          ^

SyntaxError: The requested module 'agora-access-token' does not provide an export named 'RtcRole'
    at ModuleJob._instantiate (node:internal/modules/esm/module_job:213:21)
    at async ModuleJob.run (node:internal/modules/esm/module_job:320:5)
    at async ModuleLoader.import (node:internal/modules/esm/loader:606:24)
    at async asyncRunEntryPointWithESMLoader (node:internal/modules/run_main:117:5)

Node.js v20.20.0
/root/pnptv-webapp/backend/src/modules/hangouts/agoraToken.service.ts:1
import { RtcTokenBuilder, RtcRole } from 'agora-access-token';
                          ^

SyntaxError: The requested module 'agora-access-token' does not provide an export named 'RtcRole'
    at ModuleJob._instantiate (node:internal/modules/esm/module_job:213:21)
    at async ModuleJob.run (node:internal/modules/esm/module_job:320:5)
    at async ModuleLoader.import (node:internal/modules/esm/loader:606:24)
    at async asyncRunEntryPointWithESMLoader (node:internal/modules/run_main:117:5)

Node.js v20.20.0
/root/pnptv-webapp/backend/src/modules/hangouts/agoraToken.service.ts:1
import { RtcTokenBuilder, RtcRole } from 'agora-access-token';
                          ^

SyntaxError: The requested module 'agora-access-token' does not provide an export named 'RtcRole'
    at ModuleJob._instantiate (node:internal/modules/esm/module_job:213:21)
    at async ModuleJob.run (node:internal/modules/esm/module_job:320:5)
    at async ModuleLoader.import (node:internal/modules/esm/loader:606:24)
    at async asyncRunEntryPointWithESMLoader (node:internal/modules/run_main:117:5)

Node.js v20.20.0
/root/pnptv-webapp/backend/src/modules/hangouts/agoraToken.service.ts:1
import { RtcTokenBuilder, RtcRole } from 'agora-access-token';
                          ^

SyntaxError: The requested module 'agora-access-token' does not provide an export named 'RtcRole'
    at ModuleJob._instantiate (node:internal/modules/esm/module_job:213:21)
    at async ModuleJob.run (node:internal/modules/esm/module_job:320:5)
    at async ModuleLoader.import (node:internal/modules/esm/loader:606:24)
    at async asyncRunEntryPointWithESMLoader (node:internal/modules/run_main:117:5)

Node.js v20.20.0
/root/pnptv-webapp/backend/src/modules/hangouts/agoraToken.service.ts:1
import { RtcTokenBuilder, RtcRole } from 'agora-access-token';
                          ^

SyntaxError: The requested module 'agora-access-token' does not provide an export named 'RtcRole'
    at ModuleJob._instantiate (node:internal/modules/esm/module_job:213:21)
    at async ModuleJob.run (node:internal/modules/esm/module_job:320:5)
    at async ModuleLoader.import (node:internal/modules/esm/loader:606:24)
    at async asyncRunEntryPointWithESMLoader (node:internal/modules/run_main:117:5)

Node.js v20.20.0
/root/pnptv-webapp/backend/src/modules/hangouts/agoraToken.service.ts:1
import { RtcTokenBuilder, RtcRole } from 'agora-access-token';
                          ^

SyntaxError: The requested module 'agora-access-token' does not provide an export named 'RtcRole'
    at ModuleJob._instantiate (node:internal/modules/esm/module_job:213:21)
    at async ModuleJob.run (node:internal/modules/esm/module_job:320:5)
    at async ModuleLoader.import (node:internal/modules/esm/loader:606:24)
    at async asyncRunEntryPointWithESMLoader (node:internal/modules/run_main:117:5)

Node.js v20.20.0
/root/pnptv-webapp/backend/src/modules/hangouts/agoraToken.service.ts:1
import { RtcTokenBuilder, RtcRole } from 'agora-access-token';
                          ^

SyntaxError: The requested module 'agora-access-token' does not provide an export named 'RtcRole'
    at ModuleJob._instantiate (node:internal/modules/esm/module_job:213:21)
    at async ModuleJob.run (node:internal/modules/esm/module_job:320:5)
    at async ModuleLoader.import (node:internal/modules/esm/loader:606:24)
    at async asyncRunEntryPointWithESMLoader (node:internal/modules/run_main:117:5)

Node.js v20.20.0
/root/pnptv-webapp/backend/src/modules/hangouts/agoraToken.service.ts:1
import { RtcTokenBuilder, RtcRole } from 'agora-access-token';
                          ^

SyntaxError: The requested module 'agora-access-token' does not provide an export named 'RtcRole'
    at ModuleJob._instantiate (node:internal/modules/esm/module_job:213:21)
    at async ModuleJob.run (node:internal/modules/esm/module_job:320:5)
    at async ModuleLoader.import (node:internal/modules/esm/loader:606:24)
    at async asyncRunEntryPointWithESMLoader (node:internal/modules/run_main:117:5)

Node.js v20.20.0
/root/pnptv-webapp/backend/src/modules/hangouts/agoraToken.service.ts:1
import { RtcTokenBuilder, RtcRole } from 'agora-access-token';
                          ^

SyntaxError: The requested module 'agora-access-token' does not provide an export named 'RtcRole'
    at ModuleJob._instantiate (node:internal/modules/esm/module_job:213:21)
    at async ModuleJob.run (node:internal/modules/esm/module_job:320:5)
    at async ModuleLoader.import (node:internal/modules/esm/loader:606:24)
    at async asyncRunEntryPointWithESMLoader (node:internal/modules/run_main:117:5)

Node.js v20.20.0
/root/pnptv-webapp/backend/src/modules/hangouts/agoraToken.service.ts:1
import { RtcTokenBuilder, RtcRole } from 'agora-access-token';
                          ^

SyntaxError: The requested module 'agora-access-token' does not provide an export named 'RtcRole'
    at ModuleJob._instantiate (node:internal/modules/esm/module_job:213:21)
    at async ModuleJob.run (node:internal/modules/esm/module_job:320:5)
    at async ModuleLoader.import (node:internal/modules/esm/loader:606:24)
    at async asyncRunEntryPointWithESMLoader (node:internal/modules/run_main:117:5)

Node.js v20.20.0
/root/pnptv-webapp/backend/src/modules/hangouts/agoraToken.service.ts:1
import { RtcTokenBuilder, RtcRole } from 'agora-access-token';
                          ^

SyntaxError: The requested module 'agora-access-token' does not provide an export named 'RtcRole'
    at ModuleJob._instantiate (node:internal/modules/esm/module_job:213:21)
    at async ModuleJob.run (node:internal/modules/esm/module_job:320:5)
    at async ModuleLoader.import (node:internal/modules/esm/loader:606:24)
    at async asyncRunEntryPointWithESMLoader (node:internal/modules/run_main:117:5)

Node.js v20.20.0
/root/pnptv-webapp/backend/src/modules/hangouts/agoraToken.service.ts:1
import { RtcTokenBuilder, RtcRole } from 'agora-access-token';
                          ^

SyntaxError: The requested module 'agora-access-token' does not provide an export named 'RtcRole'
    at ModuleJob._instantiate (node:internal/modules/esm/module_job:213:21)
    at async ModuleJob.run (node:internal/modules/esm/module_job:320:5)
    at async ModuleLoader.import (node:internal/modules/esm/loader:606:24)
    at async asyncRunEntryPointWithESMLoader (node:internal/modules/run_main:117:5)

Node.js v20.20.0
/root/pnptv-webapp/backend/src/modules/hangouts/agoraToken.service.ts:1
import { RtcTokenBuilder, RtcRole } from 'agora-access-token';
                          ^

SyntaxError: The requested module 'agora-access-token' does not provide an export named 'RtcRole'
    at ModuleJob._instantiate (node:internal/modules/esm/module_job:213:21)
    at async ModuleJob.run (node:internal/modules/esm/module_job:320:5)
    at async ModuleLoader.import (node:internal/modules/esm/loader:606:24)
    at async asyncRunEntryPointWithESMLoader (node:internal/modules/run_main:117:5)

Node.js v20.20.0
/root/pnptv-webapp/backend/src/modules/hangouts/agoraToken.service.ts:1
import { RtcTokenBuilder, RtcRole } from 'agora-access-token';
                          ^

SyntaxError: The requested module 'agora-access-token' does not provide an export named 'RtcRole'
    at ModuleJob._instantiate (node:internal/modules/esm/module_job:213:21)
    at async ModuleJob.run (node:internal/modules/esm/module_job:320:5)
    at async ModuleLoader.import (node:internal/modules/esm/loader:606:24)
    at async asyncRunEntryPointWithESMLoader (node:internal/modules/run_main:117:5)

Node.js v20.20.0
/root/pnptv-webapp/backend/src/modules/hangouts/agoraToken.service.ts:1
import { RtcTokenBuilder, RtcRole } from 'agora-access-token';
                          ^

SyntaxError: The requested module 'agora-access-token' does not provide an export named 'RtcRole'
    at ModuleJob._instantiate (node:internal/modules/esm/module_job:213:21)
    at async ModuleJob.run (node:internal/modules/esm/module_job:320:5)
    at async ModuleLoader.import (node:internal/modules/esm/loader:606:24)
    at async asyncRunEntryPointWithESMLoader (node:internal/modules/run_main:117:5)

Node.js v20.20.0
/root/pnptv-webapp/backend/src/modules/hangouts/agoraToken.service.ts:1
import { RtcTokenBuilder, RtcRole } from 'agora-access-token';
                          ^

SyntaxError: The requested module 'agora-access-token' does not provide an export named 'RtcRole'
    at ModuleJob._instantiate (node:internal/modules/esm/module_job:213:21)
    at async ModuleJob.run (node:internal/modules/esm/module_job:320:5)
    at async ModuleLoader.import (node:internal/modules/esm/loader:606:24)
    at async asyncRunEntryPointWithESMLoader (node:internal/modules/run_main:117:5)

Node.js v20.20.0
/root/pnptv-webapp/backend/src/modules/hangouts/agoraToken.service.ts:1
import { RtcTokenBuilder, RtcRole } from 'agora-access-token';
                          ^

SyntaxError: The requested module 'agora-access-token' does not provide an export named 'RtcRole'
    at ModuleJob._instantiate (node:internal/modules/esm/module_job:213:21)
    at async ModuleJob.run (node:internal/modules/esm/module_job:320:5)
    at async ModuleLoader.import (node:internal/modules/esm/loader:606:24)
    at async asyncRunEntryPointWithESMLoader (node:internal/modules/run_main:117:5)

Node.js v20.20.0
/root/pnptv-webapp/backend/src/modules/hangouts/agoraToken.service.ts:1
import { RtcTokenBuilder, RtcRole } from 'agora-access-token';
                          ^

SyntaxError: The requested module 'agora-access-token' does not provide an export named 'RtcRole'
    at ModuleJob._instantiate (node:internal/modules/esm/module_job:213:21)
    at async ModuleJob.run (node:internal/modules/esm/module_job:320:5)
    at async ModuleLoader.import (node:internal/modules/esm/loader:606:24)
    at async asyncRunEntryPointWithESMLoader (node:internal/modules/run_main:117:5)

Node.js v20.20.0
/root/pnptv-webapp/backend/src/modules/hangouts/agoraToken.service.ts:1
import { RtcTokenBuilder, RtcRole } from 'agora-access-token';
                          ^

SyntaxError: The requested module 'agora-access-token' does not provide an export named 'RtcRole'
    at ModuleJob._instantiate (node:internal/modules/esm/module_job:213:21)
    at async ModuleJob.run (node:internal/modules/esm/module_job:320:5)
    at async ModuleLoader.import (node:internal/modules/esm/loader:606:24)
    at async asyncRunEntryPointWithESMLoader (node:internal/modules/run_main:117:5)

Node.js v20.20.0
/root/pnptv-webapp/backend/src/modules/hangouts/agoraToken.service.ts:1
import { RtcTokenBuilder, RtcRole } from 'agora-access-token';
                          ^

SyntaxError: The requested module 'agora-access-token' does not provide an export named 'RtcRole'
    at ModuleJob._instantiate (node:internal/modules/esm/module_job:213:21)
    at async ModuleJob.run (node:internal/modules/esm/module_job:320:5)
    at async ModuleLoader.import (node:internal/modules/esm/loader:606:24)
    at async asyncRunEntryPointWithESMLoader (node:internal/modules/run_main:117:5)

Node.js v20.20.0
/root/pnptv-webapp/backend/src/modules/hangouts/agoraToken.service.ts:1
import { RtcTokenBuilder, RtcRole } from 'agora-access-token';
                          ^

SyntaxError: The requested module 'agora-access-token' does not provide an export named 'RtcRole'
    at ModuleJob._instantiate (node:internal/modules/esm/module_job:213:21)
    at async ModuleJob.run (node:internal/modules/esm/module_job:320:5)
    at async ModuleLoader.import (node:internal/modules/esm/loader:606:24)
    at async asyncRunEntryPointWithESMLoader (node:internal/modules/run_main:117:5)

Node.js v20.20.0
/root/pnptv-webapp/backend/src/modules/hangouts/agoraToken.service.ts:1
import { RtcTokenBuilder, RtcRole } from 'agora-access-token';
                          ^

SyntaxError: The requested module 'agora-access-token' does not provide an export named 'RtcRole'
    at ModuleJob._instantiate (node:internal/modules/esm/module_job:213:21)
    at async ModuleJob.run (node:internal/modules/esm/module_job:320:5)
    at async ModuleLoader.import (node:internal/modules/esm/loader:606:24)
    at async asyncRunEntryPointWithESMLoader (node:internal/modules/run_main:117:5)

Node.js v20.20.0
/root/pnptv-webapp/backend/src/modules/hangouts/agoraToken.service.ts:1
import { RtcTokenBuilder, RtcRole } from 'agora-access-token';
                          ^

SyntaxError: The requested module 'agora-access-token' does not provide an export named 'RtcRole'
    at ModuleJob._instantiate (node:internal/modules/esm/module_job:213:21)
    at async ModuleJob.run (node:internal/modules/esm/module_job:320:5)
    at async ModuleLoader.import (node:internal/modules/esm/loader:606:24)
    at async asyncRunEntryPointWithESMLoader (node:internal/modules/run_main:117:5)

Node.js v20.20.0
/root/pnptv-webapp/backend/src/modules/hangouts/agoraToken.service.ts:1
import { RtcTokenBuilder, RtcRole } from 'agora-access-token';
                          ^

SyntaxError: The requested module 'agora-access-token' does not provide an export named 'RtcRole'
    at ModuleJob._instantiate (node:internal/modules/esm/module_job:213:21)
    at async ModuleJob.run (node:internal/modules/esm/module_job:320:5)
    at async ModuleLoader.import (node:internal/modules/esm/loader:606:24)
    at async asyncRunEntryPointWithESMLoader (node:internal/modules/run_main:117:5)

Node.js v20.20.0
/root/pnptv-webapp/backend/src/modules/hangouts/agoraToken.service.ts:1
import { RtcTokenBuilder, RtcRole } from 'agora-access-token';
                          ^

SyntaxError: The requested module 'agora-access-token' does not provide an export named 'RtcRole'
    at ModuleJob._instantiate (node:internal/modules/esm/module_job:213:21)
    at async ModuleJob.run (node:internal/modules/esm/module_job:320:5)
    at async ModuleLoader.import (node:internal/modules/esm/loader:606:24)
    at async asyncRunEntryPointWithESMLoader (node:internal/modules/run_main:117:5)

Node.js v20.20.0
/root/pnptv-webapp/backend/src/modules/hangouts/agoraToken.service.ts:1
import { RtcTokenBuilder, RtcRole } from 'agora-access-token';
                          ^

SyntaxError: The requested module 'agora-access-token' does not provide an export named 'RtcRole'
    at ModuleJob._instantiate (node:internal/modules/esm/module_job:213:21)
    at async ModuleJob.run (node:internal/modules/esm/module_job:320:5)
    at async ModuleLoader.import (node:internal/modules/esm/loader:606:24)
    at async asyncRunEntryPointWithESMLoader (node:internal/modules/run_main:117:5)

Node.js v20.20.0
/root/pnptv-webapp/backend/src/modules/hangouts/agoraToken.service.ts:1
import { RtcTokenBuilder, RtcRole } from 'agora-access-token';
                          ^

SyntaxError: The requested module 'agora-access-token' does not provide an export named 'RtcRole'
    at ModuleJob._instantiate (node:internal/modules/esm/module_job:213:21)
    at async ModuleJob.run (node:internal/modules/esm/module_job:320:5)
    at async ModuleLoader.import (node:internal/modules/esm/loader:606:24)
    at async asyncRunEntryPointWithESMLoader (node:internal/modules/run_main:117:5)

Node.js v20.20.0
/root/pnptv-webapp/backend/src/modules/hangouts/agoraToken.service.ts:1
import { RtcTokenBuilder, RtcRole } from 'agora-access-token';
                          ^

SyntaxError: The requested module 'agora-access-token' does not provide an export named 'RtcRole'
    at ModuleJob._instantiate (node:internal/modules/esm/module_job:213:21)
    at async ModuleJob.run (node:internal/modules/esm/module_job:320:5)
    at async ModuleLoader.import (node:internal/modules/esm/loader:606:24)
    at async asyncRunEntryPointWithESMLoader (node:internal/modules/run_main:117:5)

Node.js v20.20.0
/root/pnptv-webapp/backend/src/modules/hangouts/agoraToken.service.ts:1
import { RtcTokenBuilder, RtcRole } from 'agora-access-token';
                          ^

SyntaxError: The requested module 'agora-access-token' does not provide an export named 'RtcRole'
    at ModuleJob._instantiate (node:internal/modules/esm/module_job:213:21)
    at async ModuleJob.run (node:internal/modules/esm/module_job:320:5)
    at async ModuleLoader.import (node:internal/modules/esm/loader:606:24)
    at async asyncRunEntryPointWithESMLoader (node:internal/modules/run_main:117:5)

Node.js v20.20.0
/root/pnptv-webapp/backend/src/modules/hangouts/agoraToken.service.ts:1
import { RtcTokenBuilder, RtcRole } from 'agora-access-token';
                          ^

SyntaxError: The requested module 'agora-access-token' does not provide an export named 'RtcRole'
    at ModuleJob._instantiate (node:internal/modules/esm/module_job:213:21)
    at async ModuleJob.run (node:internal/modules/esm/module_job:320:5)
    at async ModuleLoader.import (node:internal/modules/esm/loader:606:24)
    at async asyncRunEntryPointWithESMLoader (node:internal/modules/run_main:117:5)

Node.js v20.20.0
/root/pnptv-webapp/backend/src/modules/hangouts/agoraToken.service.ts:1
import { RtcTokenBuilder, RtcRole } from 'agora-access-token';
                          ^

SyntaxError: The requested module 'agora-access-token' does not provide an export named 'RtcRole'
    at ModuleJob._instantiate (node:internal/modules/esm/module_job:213:21)
    at async ModuleJob.run (node:internal/modules/esm/module_job:320:5)
    at async ModuleLoader.import (node:internal/modules/esm/loader:606:24)
    at async asyncRunEntryPointWithESMLoader (node:internal/modules/run_main:117:5)

Node.js v20.20.0
/root/pnptv-webapp/backend/src/modules/hangouts/agoraToken.service.ts:1
import { RtcTokenBuilder, RtcRole } from 'agora-access-token';
                          ^

SyntaxError: The requested module 'agora-access-token' does not provide an export named 'RtcRole'
    at ModuleJob._instantiate (node:internal/modules/esm/module_job:213:21)
    at async ModuleJob.run (node:internal/modules/esm/module_job:320:5)
    at async ModuleLoader.import (node:internal/modules/esm/loader:606:24)
    at async asyncRunEntryPointWithESMLoader (node:internal/modules/run_main:117:5)

Node.js v20.20.0
/root/pnptv-webapp/backend/src/modules/hangouts/agoraToken.service.ts:1
import { RtcTokenBuilder, RtcRole } from 'agora-access-token';
                          ^

SyntaxError: The requested module 'agora-access-token' does not provide an export named 'RtcRole'
    at ModuleJob._instantiate (node:internal/modules/esm/module_job:213:21)
    at async ModuleJob.run (node:internal/modules/esm/module_job:320:5)
    at async ModuleLoader.import (node:internal/modules/esm/loader:606:24)
    at async asyncRunEntryPointWithESMLoader (node:internal/modules/run_main:117:5)

Node.js v20.20.0
/root/pnptv-webapp/backend/src/modules/hangouts/agoraToken.service.ts:1
import { RtcTokenBuilder, RtcRole } from 'agora-access-token';
                          ^

SyntaxError: The requested module 'agora-access-token' does not provide an export named 'RtcRole'
    at ModuleJob._instantiate (node:internal/modules/esm/module_job:213:21)
    at async ModuleJob.run (node:internal/modules/esm/module_job:320:5)
    at async ModuleLoader.import (node:internal/modules/esm/loader:606:24)
    at async asyncRunEntryPointWithESMLoader (node:internal/modules/run_main:117:5)

Node.js v20.20.0
/root/pnptv-webapp/backend/src/modules/hangouts/agoraToken.service.ts:1
import { RtcTokenBuilder, RtcRole } from 'agora-access-token';
                          ^

SyntaxError: The requested module 'agora-access-token' does not provide an export named 'RtcRole'
    at ModuleJob._instantiate (node:internal/modules/esm/module_job:213:21)
    at async ModuleJob.run (node:internal/modules/esm/module_job:320:5)
    at async ModuleLoader.import (node:internal/modules/esm/loader:606:24)
    at async asyncRunEntryPointWithESMLoader (node:internal/modules/run_main:117:5)

Node.js v20.20.0
/root/pnptv-webapp/backend/src/modules/hangouts/agoraToken.service.ts:1
import { RtcTokenBuilder, RtcRole } from 'agora-access-token';
                          ^

SyntaxError: The requested module 'agora-access-token' does not provide an export named 'RtcRole'
    at ModuleJob._instantiate (node:internal/modules/esm/module_job:213:21)
    at async ModuleJob.run (node:internal/modules/esm/module_job:320:5)
    at async ModuleLoader.import (node:internal/modules/esm/loader:606:24)
    at async asyncRunEntryPointWithESMLoader (node:internal/modules/run_main:117:5)

Node.js v20.20.0
/root/pnptv-webapp/backend/src/modules/hangouts/agoraToken.service.ts:1
import { RtcTokenBuilder, RtcRole } from 'agora-access-token';
                          ^

SyntaxError: The requested module 'agora-access-token' does not provide an export named 'RtcRole'
    at ModuleJob._instantiate (node:internal/modules/esm/module_job:213:21)
    at async ModuleJob.run (node:internal/modules/esm/module_job:320:5)
    at async ModuleLoader.import (node:internal/modules/esm/loader:606:24)
    at async asyncRunEntryPointWithESMLoader (node:internal/modules/run_main:117:5)

Node.js v20.20.0
/root/pnptv-webapp/backend/src/modules/hangouts/agoraToken.service.ts:1
import { RtcTokenBuilder, RtcRole } from 'agora-access-token';
                          ^

SyntaxError: The requested module 'agora-access-token' does not provide an export named 'RtcRole'
    at ModuleJob._instantiate (node:internal/modules/esm/module_job:213:21)
    at async ModuleJob.run (node:internal/modules/esm/module_job:320:5)
    at async ModuleLoader.import (node:internal/modules/esm/loader:606:24)
    at async asyncRunEntryPointWithESMLoader (node:internal/modules/run_main:117:5)

Node.js v20.20.0
/root/pnptv-webapp/backend/src/modules/hangouts/agoraToken.service.ts:1
import { RtcTokenBuilder, RtcRole } from 'agora-access-token';
                          ^

SyntaxError: The requested module 'agora-access-token' does not provide an export named 'RtcRole'
    at ModuleJob._instantiate (node:internal/modules/esm/module_job:213:21)
    at async ModuleJob.run (node:internal/modules/esm/module_job:320:5)
    at async ModuleLoader.import (node:internal/modules/esm/loader:606:24)
    at async asyncRunEntryPointWithESMLoader (node:internal/modules/run_main:117:5)

Node.js v20.20.0
/root/pnptv-webapp/backend/src/modules/hangouts/agoraToken.service.ts:1
import { RtcTokenBuilder, RtcRole } from 'agora-access-token';
                          ^

SyntaxError: The requested module 'agora-access-token' does not provide an export named 'RtcRole'
    at ModuleJob._instantiate (node:internal/modules/esm/module_job:213:21)
    at async ModuleJob.run (node:internal/modules/esm/module_job:320:5)
    at async ModuleLoader.import (node:internal/modules/esm/loader:606:24)
    at async asyncRunEntryPointWithESMLoader (node:internal/modules/run_main:117:5)

Node.js v20.20.0
/root/pnptv-webapp/backend/src/modules/hangouts/agoraToken.service.ts:1
import { RtcTokenBuilder, RtcRole } from 'agora-access-token';
                          ^

SyntaxError: The requested module 'agora-access-token' does not provide an export named 'RtcRole'
    at ModuleJob._instantiate (node:internal/modules/esm/module_job:213:21)
    at async ModuleJob.run (node:internal/modules/esm/module_job:320:5)
    at async ModuleLoader.import (node:internal/modules/esm/loader:606:24)
    at async asyncRunEntryPointWithESMLoader (node:internal/modules/run_main:117:5)

Node.js v20.20.0
/root/pnptv-webapp/backend/src/modules/hangouts/agoraToken.service.ts:1
import { RtcTokenBuilder, RtcRole } from 'agora-access-token';
                          ^

SyntaxError: The requested module 'agora-access-token' does not provide an export named 'RtcRole'
    at ModuleJob._instantiate (node:internal/modules/esm/module_job:213:21)
    at async ModuleJob.run (node:internal/modules/esm/module_job:320:5)
    at async ModuleLoader.import (node:internal/modules/esm/loader:606:24)
    at async asyncRunEntryPointWithESMLoader (node:internal/modules/run_main:117:5)

Node.js v20.20.0
/root/pnptv-webapp/backend/src/modules/hangouts/agoraToken.service.ts:1
import { RtcTokenBuilder, RtcRole } from 'agora-access-token';
                          ^

SyntaxError: The requested module 'agora-access-token' does not provide an export named 'RtcRole'
    at ModuleJob._instantiate (node:internal/modules/esm/module_job:213:21)
    at async ModuleJob.run (node:internal/modules/esm/module_job:320:5)
    at async ModuleLoader.import (node:internal/modules/esm/loader:606:24)
    at async asyncRunEntryPointWithESMLoader (node:internal/modules/run_main:117:5)

Node.js v20.20.0
/root/pnptv-webapp/backend/src/modules/hangouts/agoraToken.service.ts:1
import { RtcTokenBuilder, RtcRole } from 'agora-access-token';
                          ^

SyntaxError: The requested module 'agora-access-token' does not provide an export named 'RtcRole'
    at ModuleJob._instantiate (node:internal/modules/esm/module_job:213:21)
    at async ModuleJob.run (node:internal/modules/esm/module_job:320:5)
    at async ModuleLoader.import (node:internal/modules/esm/loader:606:24)
    at async asyncRunEntryPointWithESMLoader (node:internal/modules/run_main:117:5)

Node.js v20.20.0
/root/pnptv-webapp/backend/src/modules/hangouts/agoraToken.service.ts:1
import { RtcTokenBuilder, RtcRole } from 'agora-access-token';
                          ^

SyntaxError: The requested module 'agora-access-token' does not provide an export named 'RtcRole'
    at ModuleJob._instantiate (node:internal/modules/esm/module_job:213:21)
    at async ModuleJob.run (node:internal/modules/esm/module_job:320:5)
    at async ModuleLoader.import (node:internal/modules/esm/loader:606:24)
    at async asyncRunEntryPointWithESMLoader (node:internal/modules/run_main:117:5)

Node.js v20.20.0
/root/pnptv-webapp/backend/src/modules/hangouts/agoraToken.service.ts:1
import { RtcTokenBuilder, RtcRole } from 'agora-access-token';
                          ^

SyntaxError: The requested module 'agora-access-token' does not provide an export named 'RtcRole'
    at ModuleJob._instantiate (node:internal/modules/esm/module_job:213:21)
    at async ModuleJob.run (node:internal/modules/esm/module_job:320:5)
    at async ModuleLoader.import (node:internal/modules/esm/loader:606:24)
    at async asyncRunEntryPointWithESMLoader (node:internal/modules/run_main:117:5)

Node.js v20.20.0
/root/pnptv-webapp/backend/src/modules/hangouts/agoraToken.service.ts:1
import { RtcTokenBuilder, RtcRole } from 'agora-access-token';
                          ^

SyntaxError: The requested module 'agora-access-token' does not provide an export named 'RtcRole'
    at ModuleJob._instantiate (node:internal/modules/esm/module_job:213:21)
    at async ModuleJob.run (node:internal/modules/esm/module_job:320:5)
    at async ModuleLoader.import (node:internal/modules/esm/loader:606:24)
    at async asyncRunEntryPointWithESMLoader (node:internal/modules/run_main:117:5)

Node.js v20.20.0
/root/pnptv-webapp/backend/src/modules/hangouts/agoraToken.service.ts:1
import { RtcTokenBuilder, RtcRole } from 'agora-access-token';
                          ^

SyntaxError: The requested module 'agora-access-token' does not provide an export named 'RtcRole'
    at ModuleJob._instantiate (node:internal/modules/esm/module_job:213:21)
    at async ModuleJob.run (node:internal/modules/esm/module_job:320:5)
    at async ModuleLoader.import (node:internal/modules/esm/loader:606:24)
    at async asyncRunEntryPointWithESMLoader (node:internal/modules/run_main:117:5)

Node.js v20.20.0
/root/pnptv-webapp/backend/src/modules/hangouts/agoraToken.service.ts:1
import { RtcTokenBuilder, RtcRole } from 'agora-access-token';
                          ^

SyntaxError: The requested module 'agora-access-token' does not provide an export named 'RtcRole'
    at ModuleJob._instantiate (node:internal/modules/esm/module_job:213:21)
    at async ModuleJob.run (node:internal/modules/esm/module_job:320:5)
    at async ModuleLoader.import (node:internal/modules/esm/loader:606:24)
    at async asyncRunEntryPointWithESMLoader (node:internal/modules/run_main:117:5)

Node.js v20.20.0
/root/pnptv-webapp/backend/src/modules/hangouts/agoraToken.service.ts:1
import { RtcTokenBuilder, RtcRole } from 'agora-access-token';
                          ^

SyntaxError: The requested module 'agora-access-token' does not provide an export named 'RtcRole'
    at ModuleJob._instantiate (node:internal/modules/esm/module_job:213:21)
    at async ModuleJob.run (node:internal/modules/esm/module_job:320:5)
    at async ModuleLoader.import (node:internal/modules/esm/loader:606:24)
    at async asyncRunEntryPointWithESMLoader (node:internal/modules/run_main:117:5)

Node.js v20.20.0
/root/pnptv-webapp/backend/src/modules/hangouts/agoraToken.service.ts:1
import { RtcTokenBuilder, RtcRole } from 'agora-access-token';
                          ^

SyntaxError: The requested module 'agora-access-token' does not provide an export named 'RtcRole'
    at ModuleJob._instantiate (node:internal/modules/esm/module_job:213:21)
    at async ModuleJob.run (node:internal/modules/esm/module_job:320:5)
    at async ModuleLoader.import (node:internal/modules/esm/loader:606:24)
    at async asyncRunEntryPointWithESMLoader (node:internal/modules/run_main:117:5)

Node.js v20.20.0
/root/pnptv-webapp/backend/src/modules/hangouts/agoraToken.service.ts:1
import { RtcTokenBuilder, RtcRole } from 'agora-access-token';
                          ^

SyntaxError: The requested module 'agora-access-token' does not provide an export named 'RtcRole'
    at ModuleJob._instantiate (node:internal/modules/esm/module_job:213:21)
    at async ModuleJob.run (node:internal/modules/esm/module_job:320:5)
    at async ModuleLoader.import (node:internal/modules/esm/loader:606:24)
    at async asyncRunEntryPointWithESMLoader (node:internal/modules/run_main:117:5)

Node.js v20.20.0
/root/pnptv-webapp/backend/src/modules/hangouts/agoraToken.service.ts:1
import { RtcTokenBuilder, RtcRole } from 'agora-access-token';
                          ^

SyntaxError: The requested module 'agora-access-token' does not provide an export named 'RtcRole'
    at ModuleJob._instantiate (node:internal/modules/esm/module_job:213:21)
    at async ModuleJob.run (node:internal/modules/esm/module_job:320:5)
    at async ModuleLoader.import (node:internal/modules/esm/loader:606:24)
    at async asyncRunEntryPointWithESMLoader (node:internal/modules/run_main:117:5)

Node.js v20.20.0
/root/pnptv-webapp/backend/src/modules/hangouts/agoraToken.service.ts:1
import { RtcTokenBuilder, RtcRole } from 'agora-access-token';
                          ^

SyntaxError: The requested module 'agora-access-token' does not provide an export named 'RtcRole'
    at ModuleJob._instantiate (node:internal/modules/esm/module_job:213:21)
    at async ModuleJob.run (node:internal/modules/esm/module_job:320:5)
    at async ModuleLoader.import (node:internal/modules/esm/loader:606:24)
    at async asyncRunEntryPointWithESMLoader (node:internal/modules/run_main:117:5)

Node.js v20.20.0
/root/pnptv-webapp/backend/src/modules/hangouts/agoraToken.service.ts:1
import { RtcTokenBuilder, RtcRole } from 'agora-access-token';
                          ^

SyntaxError: The requested module 'agora-access-token' does not provide an export named 'RtcRole'
    at ModuleJob._instantiate (node:internal/modules/esm/module_job:213:21)
    at async ModuleJob.run (node:internal/modules/esm/module_job:320:5)
    at async ModuleLoader.import (node:internal/modules/esm/loader:606:24)
    at async asyncRunEntryPointWithESMLoader (node:internal/modules/run_main:117:5)

Node.js v20.20.0
/root/pnptv-webapp/backend/src/modules/hangouts/agoraToken.service.ts:1
import { RtcTokenBuilder, RtcRole } from 'agora-access-token';
                          ^

SyntaxError: The requested module 'agora-access-token' does not provide an export named 'RtcRole'
    at ModuleJob._instantiate (node:internal/modules/esm/module_job:213:21)
    at async ModuleJob.run (node:internal/modules/esm/module_job:320:5)
    at async ModuleLoader.import (node:internal/modules/esm/loader:606:24)
    at async asyncRunEntryPointWithESMLoader (node:internal/modules/run_main:117:5)

Node.js v20.20.0
/root/pnptv-webapp/backend/src/modules/hangouts/agoraToken.service.ts:1
import { RtcTokenBuilder, RtcRole } from 'agora-access-token';
                          ^

SyntaxError: The requested module 'agora-access-token' does not provide an export named 'RtcRole'
    at ModuleJob._instantiate (node:internal/modules/esm/module_job:213:21)
    at async ModuleJob.run (node:internal/modules/esm/module_job:320:5)
    at async ModuleLoader.import (node:internal/modules/esm/loader:606:24)
    at async asyncRunEntryPointWithESMLoader (node:internal/modules/run_main:117:5)

Node.js v20.20.0
/root/pnptv-webapp/backend/src/modules/hangouts/agoraToken.service.ts:1
import { RtcTokenBuilder, RtcRole } from 'agora-access-token';
                          ^

SyntaxError: The requested module 'agora-access-token' does not provide an export named 'RtcRole'
    at ModuleJob._instantiate (node:internal/modules/esm/module_job:213:21)
    at async ModuleJob.run (node:internal/modules/esm/module_job:320:5)
    at async ModuleLoader.import (node:internal/modules/esm/loader:606:24)
    at async asyncRunEntryPointWithESMLoader (node:internal/modules/run_main:117:5)

Node.js v20.20.0
/root/pnptv-webapp/backend/src/modules/hangouts/agoraToken.service.ts:1
import { RtcTokenBuilder, RtcRole } from 'agora-access-token';
                          ^

SyntaxError: The requested module 'agora-access-token' does not provide an export named 'RtcRole'
    at ModuleJob._instantiate (node:internal/modules/esm/module_job:213:21)
    at async ModuleJob.run (node:internal/modules/esm/module_job:320:5)
    at async ModuleLoader.import (node:internal/modules/esm/loader:606:24)
    at async asyncRunEntryPointWithESMLoader (node:internal/modules/run_main:117:5)

Node.js v20.20.0
/root/pnptv-webapp/backend/src/modules/hangouts/agoraToken.service.ts:1
import { RtcTokenBuilder, RtcRole } from 'agora-access-token';
                          ^

SyntaxError: The requested module 'agora-access-token' does not provide an export named 'RtcRole'
    at ModuleJob._instantiate (node:internal/modules/esm/module_job:213:21)
    at async ModuleJob.run (node:internal/modules/esm/module_job:320:5)
    at async ModuleLoader.import (node:internal/modules/esm/loader:606:24)
    at async asyncRunEntryPointWithESMLoader (node:internal/modules/run_main:117:5)

Node.js v20.20.0
/root/pnptv-webapp/backend/src/modules/hangouts/agoraToken.service.ts:1
import { RtcTokenBuilder, RtcRole } from 'agora-access-token';
                          ^

SyntaxError: The requested module 'agora-access-token' does not provide an export named 'RtcRole'
    at ModuleJob._instantiate (node:internal/modules/esm/module_job:213:21)
    at async ModuleJob.run (node:internal/modules/esm/module_job:320:5)
    at async ModuleLoader.import (node:internal/modules/esm/loader:606:24)
    at async asyncRunEntryPointWithESMLoader (node:internal/modules/run_main:117:5)

Node.js v20.20.0
/root/pnptv-webapp/backend/src/modules/hangouts/agoraToken.service.ts:1
import { RtcTokenBuilder, RtcRole } from 'agora-access-token';
                          ^

SyntaxError: The requested module 'agora-access-token' does not provide an export named 'RtcRole'
    at ModuleJob._instantiate (node:internal/modules/esm/module_job:213:21)
    at async ModuleJob.run (node:internal/modules/esm/module_job:320:5)
    at async ModuleLoader.import (node:internal/modules/esm/loader:606:24)
    at async asyncRunEntryPointWithESMLoader (node:internal/modules/run_main:117:5)

Node.js v20.20.0
/root/pnptv-webapp/backend/node_modules/.prisma/client/default.js:43
    throw new Error('@prisma/client did not initialize yet. Please run "prisma generate" and try to import it again.');
          ^

Error: @prisma/client did not initialize yet. Please run "prisma generate" and try to import it again.
    at new PrismaClient (/root/pnptv-webapp/backend/node_modules/.prisma/client/default.js:43:11)
    at <anonymous> (/root/pnptv-webapp/backend/src/db/prisma.ts:3:23)
    at ModuleJob.run (node:internal/modules/esm/module_job:325:25)
    at async ModuleLoader.import (node:internal/modules/esm/loader:606:24)
    at async asyncRunEntryPointWithESMLoader (node:internal/modules/run_main:117:5)

Node.js v20.20.0
/root/pnptv-webapp/backend/node_modules/.prisma/client/default.js:43
    throw new Error('@prisma/client did not initialize yet. Please run "prisma generate" and try to import it again.');
          ^

Error: @prisma/client did not initialize yet. Please run "prisma generate" and try to import it again.
    at new PrismaClient (/root/pnptv-webapp/backend/node_modules/.prisma/client/default.js:43:11)
    at <anonymous> (/root/pnptv-webapp/backend/src/db/prisma.ts:3:23)
    at ModuleJob.run (node:internal/modules/esm/module_job:325:25)
    at async ModuleLoader.import (node:internal/modules/esm/loader:606:24)
    at async asyncRunEntryPointWithESMLoader (node:internal/modules/run_main:117:5)

Node.js v20.20.0
/root/pnptv-webapp/backend/node_modules/.prisma/client/default.js:43
    throw new Error('@prisma/client did not initialize yet. Please run "prisma generate" and try to import it again.');
          ^

Error: @prisma/client did not initialize yet. Please run "prisma generate" and try to import it again.
    at new PrismaClient (/root/pnptv-webapp/backend/node_modules/.prisma/client/default.js:43:11)
    at <anonymous> (/root/pnptv-webapp/backend/src/db/prisma.ts:3:23)
    at ModuleJob.run (node:internal/modules/esm/module_job:325:25)
    at async ModuleLoader.import (node:internal/modules/esm/loader:606:24)
    at async asyncRunEntryPointWithESMLoader (node:internal/modules/run_main:117:5)

Node.js v20.20.0
/root/pnptv-webapp/backend/node_modules/.prisma/client/default.js:43
    throw new Error('@prisma/client did not initialize yet. Please run "prisma generate" and try to import it again.');
          ^

Error: @prisma/client did not initialize yet. Please run "prisma generate" and try to import it again.
    at new PrismaClient (/root/pnptv-webapp/backend/node_modules/.prisma/client/default.js:43:11)
    at <anonymous> (/root/pnptv-webapp/backend/src/db/prisma.ts:3:23)
    at ModuleJob.run (node:internal/modules/esm/module_job:325:25)
    at async ModuleLoader.import (node:internal/modules/esm/loader:606:24)
    at async asyncRunEntryPointWithESMLoader (node:internal/modules/run_main:117:5)

Node.js v20.20.0
/root/pnptv-webapp/backend/node_modules/.prisma/client/default.js:43
    throw new Error('@prisma/client did not initialize yet. Please run "prisma generate" and try to import it again.');
          ^

Error: @prisma/client did not initialize yet. Please run "prisma generate" and try to import it again.
    at new PrismaClient (/root/pnptv-webapp/backend/node_modules/.prisma/client/default.js:43:11)
    at <anonymous> (/root/pnptv-webapp/backend/src/db/prisma.ts:3:23)
    at ModuleJob.run (node:internal/modules/esm/module_job:325:25)
    at async ModuleLoader.import (node:internal/modules/esm/loader:606:24)
    at async asyncRunEntryPointWithESMLoader (node:internal/modules/run_main:117:5)

Node.js v20.20.0
/root/pnptv-webapp/backend/node_modules/.prisma/client/default.js:43
    throw new Error('@prisma/client did not initialize yet. Please run "prisma generate" and try to import it again.');
          ^

Error: @prisma/client did not initialize yet. Please run "prisma generate" and try to import it again.
    at new PrismaClient (/root/pnptv-webapp/backend/node_modules/.prisma/client/default.js:43:11)
    at <anonymous> (/root/pnptv-webapp/backend/src/db/prisma.ts:3:23)
    at ModuleJob.run (node:internal/modules/esm/module_job:325:25)
    at async ModuleLoader.import (node:internal/modules/esm/loader:606:24)
    at async asyncRunEntryPointWithESMLoader (node:internal/modules/run_main:117:5)

Node.js v20.20.0
/root/pnptv-webapp/backend/node_modules/.prisma/client/default.js:43
    throw new Error('@prisma/client did not initialize yet. Please run "prisma generate" and try to import it again.');
          ^

Error: @prisma/client did not initialize yet. Please run "prisma generate" and try to import it again.
    at new PrismaClient (/root/pnptv-webapp/backend/node_modules/.prisma/client/default.js:43:11)
    at <anonymous> (/root/pnptv-webapp/backend/src/db/prisma.ts:3:23)
    at ModuleJob.run (node:internal/modules/esm/module_job:325:25)
    at async ModuleLoader.import (node:internal/modules/esm/loader:606:24)
    at async asyncRunEntryPointWithESMLoader (node:internal/modules/run_main:117:5)

Node.js v20.20.0
/root/pnptv-webapp/backend/node_modules/.prisma/client/default.js:43
    throw new Error('@prisma/client did not initialize yet. Please run "prisma generate" and try to import it again.');
          ^

Error: @prisma/client did not initialize yet. Please run "prisma generate" and try to import it again.
    at new PrismaClient (/root/pnptv-webapp/backend/node_modules/.prisma/client/default.js:43:11)
    at <anonymous> (/root/pnptv-webapp/backend/src/db/prisma.ts:3:23)
    at ModuleJob.run (node:internal/modules/esm/module_job:325:25)
    at async ModuleLoader.import (node:internal/modules/esm/loader:606:24)
    at async asyncRunEntryPointWithESMLoader (node:internal/modules/run_main:117:5)

Node.js v20.20.0
/root/pnptv-webapp/backend/node_modules/.prisma/client/default.js:43
    throw new Error('@prisma/client did not initialize yet. Please run "prisma generate" and try to import it again.');
          ^

Error: @prisma/client did not initialize yet. Please run "prisma generate" and try to import it again.
    at new PrismaClient (/root/pnptv-webapp/backend/node_modules/.prisma/client/default.js:43:11)
    at <anonymous> (/root/pnptv-webapp/backend/src/db/prisma.ts:3:23)
    at ModuleJob.run (node:internal/modules/esm/module_job:325:25)
    at async ModuleLoader.import (node:internal/modules/esm/loader:606:24)
    at async asyncRunEntryPointWithESMLoader (node:internal/modules/run_main:117:5)

Node.js v20.20.0
/root/pnptv-webapp/backend/node_modules/.prisma/client/default.js:43
    throw new Error('@prisma/client did not initialize yet. Please run "prisma generate" and try to import it again.');
          ^

Error: @prisma/client did not initialize yet. Please run "prisma generate" and try to import it again.
    at new PrismaClient (/root/pnptv-webapp/backend/node_modules/.prisma/client/default.js:43:11)
    at <anonymous> (/root/pnptv-webapp/backend/src/db/prisma.ts:3:23)
    at ModuleJob.run (node:internal/modules/esm/module_job:325:25)
    at async ModuleLoader.import (node:internal/modules/esm/loader:606:24)
    at async asyncRunEntryPointWithESMLoader (node:internal/modules/run_main:117:5)

Node.js v20.20.0
/root/pnptv-webapp/backend/node_modules/.prisma/client/default.js:43
    throw new Error('@prisma/client did not initialize yet. Please run "prisma generate" and try to import it again.');
          ^

Error: @prisma/client did not initialize yet. Please run "prisma generate" and try to import it again.
    at new PrismaClient (/root/pnptv-webapp/backend/node_modules/.prisma/client/default.js:43:11)
    at <anonymous> (/root/pnptv-webapp/backend/src/db/prisma.ts:3:23)
    at ModuleJob.run (node:internal/modules/esm/module_job:325:25)
    at async ModuleLoader.import (node:internal/modules/esm/loader:606:24)
    at async asyncRunEntryPointWithESMLoader (node:internal/modules/run_main:117:5)

Node.js v20.20.0
/root/pnptv-webapp/backend/node_modules/.prisma/client/default.js:43
    throw new Error('@prisma/client did not initialize yet. Please run "prisma generate" and try to import it again.');
          ^

Error: @prisma/client did not initialize yet. Please run "prisma generate" and try to import it again.
    at new PrismaClient (/root/pnptv-webapp/backend/node_modules/.prisma/client/default.js:43:11)
    at <anonymous> (/root/pnptv-webapp/backend/src/db/prisma.ts:3:23)
    at ModuleJob.run (node:internal/modules/esm/module_job:325:25)
    at async ModuleLoader.import (node:internal/modules/esm/loader:606:24)
    at async asyncRunEntryPointWithESMLoader (node:internal/modules/run_main:117:5)

Node.js v20.20.0
/root/pnptv-webapp/backend/node_modules/.prisma/client/default.js:43
    throw new Error('@prisma/client did not initialize yet. Please run "prisma generate" and try to import it again.');
          ^

Error: @prisma/client did not initialize yet. Please run "prisma generate" and try to import it again.
    at new PrismaClient (/root/pnptv-webapp/backend/node_modules/.prisma/client/default.js:43:11)
    at <anonymous> (/root/pnptv-webapp/backend/src/db/prisma.ts:3:23)
    at ModuleJob.run (node:internal/modules/esm/module_job:325:25)
    at async ModuleLoader.import (node:internal/modules/esm/loader:606:24)
    at async asyncRunEntryPointWithESMLoader (node:internal/modules/run_main:117:5)

Node.js v20.20.0
/root/pnptv-webapp/backend/node_modules/.prisma/client/default.js:43
    throw new Error('@prisma/client did not initialize yet. Please run "prisma generate" and try to import it again.');
          ^

Error: @prisma/client did not initialize yet. Please run "prisma generate" and try to import it again.
    at new PrismaClient (/root/pnptv-webapp/backend/node_modules/.prisma/client/default.js:43:11)
    at <anonymous> (/root/pnptv-webapp/backend/src/db/prisma.ts:3:23)
    at ModuleJob.run (node:internal/modules/esm/module_job:325:25)
    at async ModuleLoader.import (node:internal/modules/esm/loader:606:24)
    at async asyncRunEntryPointWithESMLoader (node:internal/modules/run_main:117:5)

Node.js v20.20.0
/root/pnptv-webapp/backend/node_modules/.prisma/client/default.js:43
    throw new Error('@prisma/client did not initialize yet. Please run "prisma generate" and try to import it again.');
          ^

Error: @prisma/client did not initialize yet. Please run "prisma generate" and try to import it again.
    at new PrismaClient (/root/pnptv-webapp/backend/node_modules/.prisma/client/default.js:43:11)
    at <anonymous> (/root/pnptv-webapp/backend/src/db/prisma.ts:3:23)
    at ModuleJob.run (node:internal/modules/esm/module_job:325:25)
    at async ModuleLoader.import (node:internal/modules/esm/loader:606:24)
    at async asyncRunEntryPointWithESMLoader (node:internal/modules/run_main:117:5)

Node.js v20.20.0
/root/pnptv-webapp/backend/node_modules/.prisma/client/default.js:43
    throw new Error('@prisma/client did not initialize yet. Please run "prisma generate" and try to import it again.');
          ^

Error: @prisma/client did not initialize yet. Please run "prisma generate" and try to import it again.
    at new PrismaClient (/root/pnptv-webapp/backend/node_modules/.prisma/client/default.js:43:11)
    at <anonymous> (/root/pnptv-webapp/backend/src/db/prisma.ts:3:23)
    at ModuleJob.run (node:internal/modules/esm/module_job:325:25)
    at async ModuleLoader.import (node:internal/modules/esm/loader:606:24)
    at async asyncRunEntryPointWithESMLoader (node:internal/modules/run_main:117:5)

Node.js v20.20.0
/root/pnptv-webapp/backend/node_modules/.prisma/client/default.js:43
    throw new Error('@prisma/client did not initialize yet. Please run "prisma generate" and try to import it again.');
          ^

Error: @prisma/client did not initialize yet. Please run "prisma generate" and try to import it again.
    at new PrismaClient (/root/pnptv-webapp/backend/node_modules/.prisma/client/default.js:43:11)
    at <anonymous> (/root/pnptv-webapp/backend/src/db/prisma.ts:3:23)
    at ModuleJob.run (node:internal/modules/esm/module_job:325:25)
    at async ModuleLoader.import (node:internal/modules/esm/loader:606:24)
    at async asyncRunEntryPointWithESMLoader (node:internal/modules/run_main:117:5)

Node.js v20.20.0
/root/pnptv-webapp/backend/node_modules/.prisma/client/default.js:43
    throw new Error('@prisma/client did not initialize yet. Please run "prisma generate" and try to import it again.');
          ^

Error: @prisma/client did not initialize yet. Please run "prisma generate" and try to import it again.
    at new PrismaClient (/root/pnptv-webapp/backend/node_modules/.prisma/client/default.js:43:11)
    at <anonymous> (/root/pnptv-webapp/backend/src/db/prisma.ts:3:23)
    at ModuleJob.run (node:internal/modules/esm/module_job:325:25)
    at async ModuleLoader.import (node:internal/modules/esm/loader:606:24)
    at async asyncRunEntryPointWithESMLoader (node:internal/modules/run_main:117:5)

Node.js v20.20.0
ValidationError: The 'X-Forwarded-For' header is set but the Express 'trust proxy' setting is false (default). This could indicate a misconfiguration which would prevent express-rate-limit from accurately identifying users. See https://express-rate-limit.github.io/ERR_ERL_UNEXPECTED_X_FORWARDED_FOR/ for more information.
    at Object.xForwardedForHeader (file:///root/pnptv-webapp/backend/node_modules/express-rate-limit/dist/index.mjs:157:13)
    at wrappedValidations.<computed> [as xForwardedForHeader] (file:///root/pnptv-webapp/backend/node_modules/express-rate-limit/dist/index.mjs:369:22)
    at Object.keyGenerator (file:///root/pnptv-webapp/backend/node_modules/express-rate-limit/dist/index.mjs:630:20)
    at file:///root/pnptv-webapp/backend/node_modules/express-rate-limit/dist/index.mjs:682:32
    at process.processTicksAndRejections (node:internal/process/task_queues:95:5)
    at async file:///root/pnptv-webapp/backend/node_modules/express-rate-limit/dist/index.mjs:663:5 {
  code: 'ERR_ERL_UNEXPECTED_X_FORWARDED_FOR',
  help: 'https://express-rate-limit.github.io/ERR_ERL_UNEXPECTED_X_FORWARDED_FOR/'
}
